<html>
<head>
<title>TestNG:  Regression test 1</title>
<link href="../testng.css" rel="stylesheet" type="text/css" />
<link href="../my-testng.css" rel="stylesheet" type="text/css" />

<style type="text/css">
.log { display: none;} 
.stack-trace { display: none;} 
</style>
<script type="text/javascript">
<!--
function flip(e) {
  current = e.style.display;
  if (current == 'block') {
    e.style.display = 'none';
    return 0;
  }
  else {
    e.style.display = 'block';
    return 1;
  }
}

function toggleBox(szDivId, elem, msg1, msg2)
{
  var res = -1;  if (document.getElementById) {
    res = flip(document.getElementById(szDivId));
  }
  else if (document.all) {
    // this is the way old msie versions work
    res = flip(document.all[szDivId]);
  }
  if(elem) {
    if(res == 0) elem.innerHTML = msg1; else elem.innerHTML = msg2;
  }

}

function toggleAllBoxes() {
  if (document.getElementsByTagName) {
    d = document.getElementsByTagName('div');
    for (i = 0; i < d.length; i++) {
      if (d[i].className == 'log') {
        flip(d[i]);
      }
    }
  }
}

// -->
</script>

</head>
<body>
<h2 align='center'>Regression test 1</h2><table border='1' align="center">
<tr>
<td>Tests passed/Failed/Skipped:</td><td>20/3/0</td>
</tr><tr>
<td>Started on:</td><td>Mon Sep 30 17:58:51 IST 2019</td>
</tr>
<tr><td>Total time:</td><td>1444 seconds (1444634 ms)</td>
</tr><tr>
<td>Included groups:</td><td></td>
</tr><tr>
<td>Excluded groups:</td><td></td>
</tr>
</table><p/>
<small><i>(Hover the method name to see the test class name)</i></small><p/>
<table width='100%' border='1' class='invocation-failed'>
<tr><td colspan='4' align='center'><b>FAILED TESTS</b></td></tr>
<tr><td><b>Test method</b></td>
<td width="30%"><b>Exception</b></td>
<td width="10%"><b>Time (seconds)</b></td>
<td><b>Instance</b></td>
</tr>
<tr>
<td title='automation.tests.PdpEncountersPageTest.verifyQAOptions()'><b>verifyQAOptions</b><br>Test class: automation.tests.PdpEncountersPageTest<br/>
<a href="#Output-265824587" onClick='toggleBox("Output-265824587", this, "Show output", "Hide output");'>Show output</a>

<a href="#Output-265824587" onClick="toggleAllBoxes();">Show all outputs</a>
<div class='log' id="Output-265824587">
Username entered.<br/>
Step 1: Password entered.<br/>
Worklist selected from drop down.<br/>
Click on patient.<br/>
Entered additional notes.<br/>
Option selected for F Codes field.<br/>
Clicked on close button.<br/>
Clicked on accept radio button.<br/>
Clicked on code complete checkbox.<br/>
QA options & QA notes fields are enabled.<br/>
QA option selected with required option.<br/>
QA option selected with blank option.<br/>
</div>
</td>
<td><div><pre>org.openqa.selenium.TimeoutException: Expected condition failed: waiting for element to be clickable: [[ChromeDriver: chrome on XP (dc6d0be22436d737c935ddfe11d3900a)] -&gt; xpath: //input[@data-test = &apos;encounterQaComplete&apos;]] (tried for 10 second(s) with 500 MILLISECONDS interval)
Build info: version: &apos;3.7.1&apos;, revision: &apos;8a0099a&apos;, time: &apos;2017-11-06T21:01:39.354Z&apos;
System info: host: &apos;SILICUS330&apos;, ip: &apos;172.20.2.32&apos;, os.name: &apos;Windows 10&apos;, os.arch: &apos;amd64&apos;, os.version: &apos;10.0&apos;, java.version: &apos;1.8.0_144&apos;
Driver info: org.openqa.selenium.support.events.EventFiringWebDriver
Capabilities {acceptInsecureCerts: false, acceptSslCerts: false, applicationCacheEnabled: false, browserConnectionEnabled: false, browserName: chrome, chrome: {chromedriverVersion: 2.40.565498 (ea082db3280dd6..., userDataDir: C:\Users\SWAWAR~1\AppData\L...}, cssSelectorsEnabled: true, databaseEnabled: false, handlesAlerts: true, hasTouchScreen: false, javascriptEnabled: true, locationContextEnabled: true, mobileEmulationEnabled: false, nativeEvents: true, networkConnectionEnabled: false, pageLoadStrategy: normal, platform: XP, platformName: XP, rotatable: false, setWindowRect: true, takesHeapSnapshot: true, takesScreenshot: true, unexpectedAlertBehaviour: , unhandledPromptBehavior: , version: 77.0.3865.90, webStorageEnabled: true}
Session ID: dc6d0be22436d737c935ddfe11d3900a
	at org.openqa.selenium.support.ui.WebDriverWait.timeoutException(WebDriverWait.java:82)
	at org.openqa.selenium.support.ui.FluentWait.until(FluentWait.java:231)
	at automation.common.BrowserActions.waitForElementToBeClickable(BrowserActions.java:53)
	at automation.pages.PdpEncountersPage.removeAllData(PdpEncountersPage.java:282)
	at automation.tests.PdpEncountersPageTest.verifyQAOptions(PdpEncountersPageTest.java:47)
	at sun.reflect.NativeMethodAccessorImpl.invoke0(Native Method)
	at sun.reflect.NativeMethodAccessorImpl.invoke(NativeMethodAccessorImpl.java:62)
	at sun.reflect.DelegatingMethodAccessorImpl.invoke(DelegatingMethodAccessorImpl.java:43)
	at java.lang.reflect.Method.invoke(Method.java:498)
	at org.testng.internal.MethodInvocationHelper.invokeMethod(MethodInvocationHelper.java:108)
	at org.testng.internal.Invoker.invokeMethod(Invoker.java:661)
	at org.testng.internal.Invoker.invokeTestMethod(Invoker.java:869)
	at org.testng.internal.Invoker.invokeTestMethods(Invoker.java:1193)
	at org.testng.internal.TestMethodWorker.invokeTestMethods(TestMethodWorker.java:126)
	at org.testng.internal.TestMethodWorker.run(TestMethodWorker.java:109)
	at org.testng.TestRunner.privateRun(TestRunner.java:744)
	at org.testng.TestRunner.run(TestRunner.java:602)
	at org.testng.SuiteRunner.runTest(SuiteRunner.java:380)
	at org.testng.SuiteRunner.runSequentially(SuiteRunner.java:375)
	at org.testng.SuiteRunner.privateRun(SuiteRunner.java:340)
	at org.testng.SuiteRunner.run(SuiteRunner.java:289)
	at org.testng.SuiteRunnerWorker.runSuite(SuiteRunnerWorker.java:52)
	at org.testng.SuiteRunnerWorker.run(SuiteRunnerWorker.java:86)
	at org.testng.TestNG.runSuitesSequentially(TestNG.java:1301)
	at org.testng.TestNG.runSuitesLocally(TestNG.java:1226)
	at org.testng.TestNG.runSuites(TestNG.java:1144)
	at org.testng.TestNG.run(TestNG.java:1115)
	at org.testng.remote.AbstractRemoteTestNG.run(AbstractRemoteTestNG.java:115)
	at org.testng.remote.RemoteTestNG.initAndRun(RemoteTestNG.java:251)
	at org.testng.remote.RemoteTestNG.main(RemoteTestNG.java:77)
</pre></div><a href='#' onClick='toggleBox("stack-trace265824587", this, "Click to show all stack frames", "Click to hide stack frames")'>Click to show all stack frames</a>
<div class='stack-trace' id='stack-trace265824587'><pre>org.openqa.selenium.TimeoutException: Expected condition failed: waiting for element to be clickable: [[ChromeDriver: chrome on XP (dc6d0be22436d737c935ddfe11d3900a)] -&gt; xpath: //input[@data-test = &apos;encounterQaComplete&apos;]] (tried for 10 second(s) with 500 MILLISECONDS interval)
Build info: version: &apos;3.7.1&apos;, revision: &apos;8a0099a&apos;, time: &apos;2017-11-06T21:01:39.354Z&apos;
System info: host: &apos;SILICUS330&apos;, ip: &apos;172.20.2.32&apos;, os.name: &apos;Windows 10&apos;, os.arch: &apos;amd64&apos;, os.version: &apos;10.0&apos;, java.version: &apos;1.8.0_144&apos;
Driver info: org.openqa.selenium.support.events.EventFiringWebDriver
Capabilities {acceptInsecureCerts: false, acceptSslCerts: false, applicationCacheEnabled: false, browserConnectionEnabled: false, browserName: chrome, chrome: {chromedriverVersion: 2.40.565498 (ea082db3280dd6..., userDataDir: C:\Users\SWAWAR~1\AppData\L...}, cssSelectorsEnabled: true, databaseEnabled: false, handlesAlerts: true, hasTouchScreen: false, javascriptEnabled: true, locationContextEnabled: true, mobileEmulationEnabled: false, nativeEvents: true, networkConnectionEnabled: false, pageLoadStrategy: normal, platform: XP, platformName: XP, rotatable: false, setWindowRect: true, takesHeapSnapshot: true, takesScreenshot: true, unexpectedAlertBehaviour: , unhandledPromptBehavior: , version: 77.0.3865.90, webStorageEnabled: true}
Session ID: dc6d0be22436d737c935ddfe11d3900a
	at org.openqa.selenium.support.ui.WebDriverWait.timeoutException(WebDriverWait.java:82)
	at org.openqa.selenium.support.ui.FluentWait.until(FluentWait.java:231)
	at automation.common.BrowserActions.waitForElementToBeClickable(BrowserActions.java:53)
	at automation.pages.PdpEncountersPage.removeAllData(PdpEncountersPage.java:282)
	at automation.tests.PdpEncountersPageTest.verifyQAOptions(PdpEncountersPageTest.java:47)
	at sun.reflect.NativeMethodAccessorImpl.invoke0(Native Method)
	at sun.reflect.NativeMethodAccessorImpl.invoke(NativeMethodAccessorImpl.java:62)
	at sun.reflect.DelegatingMethodAccessorImpl.invoke(DelegatingMethodAccessorImpl.java:43)
	at java.lang.reflect.Method.invoke(Method.java:498)
	at org.testng.internal.MethodInvocationHelper.invokeMethod(MethodInvocationHelper.java:108)
	at org.testng.internal.Invoker.invokeMethod(Invoker.java:661)
	at org.testng.internal.Invoker.invokeTestMethod(Invoker.java:869)
	at org.testng.internal.Invoker.invokeTestMethods(Invoker.java:1193)
	at org.testng.internal.TestMethodWorker.invokeTestMethods(TestMethodWorker.java:126)
	at org.testng.internal.TestMethodWorker.run(TestMethodWorker.java:109)
	at org.testng.TestRunner.privateRun(TestRunner.java:744)
	at org.testng.TestRunner.run(TestRunner.java:602)
	at org.testng.SuiteRunner.runTest(SuiteRunner.java:380)
	at org.testng.SuiteRunner.runSequentially(SuiteRunner.java:375)
	at org.testng.SuiteRunner.privateRun(SuiteRunner.java:340)
	at org.testng.SuiteRunner.run(SuiteRunner.java:289)
	at org.testng.SuiteRunnerWorker.runSuite(SuiteRunnerWorker.java:52)
	at org.testng.SuiteRunnerWorker.run(SuiteRunnerWorker.java:86)
	at org.testng.TestNG.runSuitesSequentially(TestNG.java:1301)
	at org.testng.TestNG.runSuitesLocally(TestNG.java:1226)
	at org.testng.TestNG.runSuites(TestNG.java:1144)
	at org.testng.TestNG.run(TestNG.java:1115)
	at org.testng.remote.AbstractRemoteTestNG.run(AbstractRemoteTestNG.java:115)
	at org.testng.remote.RemoteTestNG.initAndRun(RemoteTestNG.java:251)
	at org.testng.remote.RemoteTestNG.main(RemoteTestNG.java:77)
</pre></div></td>
<td>35</td>
<td>automation.tests.PdpEncountersPageTest@6f1fba17</td></tr>
<tr>
<td title='automation.tests.PdpEncountersPageTest.verifyQaCompleteEncounter()'><b>verifyQaCompleteEncounter</b><br>Test class: automation.tests.PdpEncountersPageTest<br/>
<a href="#Output-1831882653" onClick='toggleBox("Output-1831882653", this, "Show output", "Hide output");'>Show output</a>

<a href="#Output-1831882653" onClick="toggleAllBoxes();">Show all outputs</a>
<div class='log' id="Output-1831882653">
Username entered.<br/>
Step 1: Password entered.<br/>
Worklist selected from drop down.<br/>
Click on patient.<br/>
Entered additional notes.<br/>
Option selected for F Codes field.<br/>
Clicked on close button.<br/>
Clicked on accept radio button.<br/>
Clicked on code complete checkbox.<br/>
</div>
</td>
<td><div><pre>java.lang.AssertionError: expected [true] but found [false]
	at org.testng.Assert.fail(Assert.java:93)
	at org.testng.Assert.failNotEquals(Assert.java:512)
	at org.testng.Assert.assertTrue(Assert.java:41)
	at org.testng.Assert.assertTrue(Assert.java:51)
	at automation.tests.PdpEncountersPageTest.verifyQaCompleteEncounter(PdpEncountersPageTest.java:135)
	at sun.reflect.NativeMethodAccessorImpl.invoke0(Native Method)
	at sun.reflect.NativeMethodAccessorImpl.invoke(NativeMethodAccessorImpl.java:62)
	at sun.reflect.DelegatingMethodAccessorImpl.invoke(DelegatingMethodAccessorImpl.java:43)
	at java.lang.reflect.Method.invoke(Method.java:498)
	at org.testng.internal.MethodInvocationHelper.invokeMethod(MethodInvocationHelper.java:108)
	at org.testng.internal.Invoker.invokeMethod(Invoker.java:661)
	at org.testng.internal.Invoker.invokeTestMethod(Invoker.java:869)
	at org.testng.internal.Invoker.invokeTestMethods(Invoker.java:1193)
	at org.testng.internal.TestMethodWorker.invokeTestMethods(TestMethodWorker.java:126)
	at org.testng.internal.TestMethodWorker.run(TestMethodWorker.java:109)
	at org.testng.TestRunner.privateRun(TestRunner.java:744)
	at org.testng.TestRunner.run(TestRunner.java:602)
	at org.testng.SuiteRunner.runTest(SuiteRunner.java:380)
	at org.testng.SuiteRunner.runSequentially(SuiteRunner.java:375)
	at org.testng.SuiteRunner.privateRun(SuiteRunner.java:340)
	at org.testng.SuiteRunner.run(SuiteRunner.java:289)
	at org.testng.SuiteRunnerWorker.runSuite(SuiteRunnerWorker.java:52)
	at org.testng.SuiteRunnerWorker.run(SuiteRunnerWorker.java:86)
	at org.testng.TestNG.runSuitesSequentially(TestNG.java:1301)
	at org.testng.TestNG.runSuitesLocally(TestNG.java:1226)
	at org.testng.TestNG.runSuites(TestNG.java:1144)
	at org.testng.TestNG.run(TestNG.java:1115)
	at org.testng.remote.AbstractRemoteTestNG.run(AbstractRemoteTestNG.java:115)
	at org.testng.remote.RemoteTestNG.initAndRun(RemoteTestNG.java:251)
	at org.testng.remote.RemoteTestNG.main(RemoteTestNG.java:77)
</pre></div><a href='#' onClick='toggleBox("stack-trace1831882653", this, "Click to show all stack frames", "Click to hide stack frames")'>Click to show all stack frames</a>
<div class='stack-trace' id='stack-trace1831882653'><pre>java.lang.AssertionError: expected [true] but found [false]
	at org.testng.Assert.fail(Assert.java:93)
	at org.testng.Assert.failNotEquals(Assert.java:512)
	at org.testng.Assert.assertTrue(Assert.java:41)
	at org.testng.Assert.assertTrue(Assert.java:51)
	at automation.tests.PdpEncountersPageTest.verifyQaCompleteEncounter(PdpEncountersPageTest.java:135)
	at sun.reflect.NativeMethodAccessorImpl.invoke0(Native Method)
	at sun.reflect.NativeMethodAccessorImpl.invoke(NativeMethodAccessorImpl.java:62)
	at sun.reflect.DelegatingMethodAccessorImpl.invoke(DelegatingMethodAccessorImpl.java:43)
	at java.lang.reflect.Method.invoke(Method.java:498)
	at org.testng.internal.MethodInvocationHelper.invokeMethod(MethodInvocationHelper.java:108)
	at org.testng.internal.Invoker.invokeMethod(Invoker.java:661)
	at org.testng.internal.Invoker.invokeTestMethod(Invoker.java:869)
	at org.testng.internal.Invoker.invokeTestMethods(Invoker.java:1193)
	at org.testng.internal.TestMethodWorker.invokeTestMethods(TestMethodWorker.java:126)
	at org.testng.internal.TestMethodWorker.run(TestMethodWorker.java:109)
	at org.testng.TestRunner.privateRun(TestRunner.java:744)
	at org.testng.TestRunner.run(TestRunner.java:602)
	at org.testng.SuiteRunner.runTest(SuiteRunner.java:380)
	at org.testng.SuiteRunner.runSequentially(SuiteRunner.java:375)
	at org.testng.SuiteRunner.privateRun(SuiteRunner.java:340)
	at org.testng.SuiteRunner.run(SuiteRunner.java:289)
	at org.testng.SuiteRunnerWorker.runSuite(SuiteRunnerWorker.java:52)
	at org.testng.SuiteRunnerWorker.run(SuiteRunnerWorker.java:86)
	at org.testng.TestNG.runSuitesSequentially(TestNG.java:1301)
	at org.testng.TestNG.runSuitesLocally(TestNG.java:1226)
	at org.testng.TestNG.runSuites(TestNG.java:1144)
	at org.testng.TestNG.run(TestNG.java:1115)
	at org.testng.remote.AbstractRemoteTestNG.run(AbstractRemoteTestNG.java:115)
	at org.testng.remote.RemoteTestNG.initAndRun(RemoteTestNG.java:251)
	at org.testng.remote.RemoteTestNG.main(RemoteTestNG.java:77)
</pre></div></td>
<td>20</td>
<td>automation.tests.PdpEncountersPageTest@6f1fba17</td></tr>
<tr>
<td title='automation.tests.PdpChartsPageTest.verifyReviewFlagColor()'><b>verifyReviewFlagColor</b><br>Test class: automation.tests.PdpChartsPageTest<br/>
<a href="#Output-1459016715" onClick='toggleBox("Output-1459016715", this, "Show output", "Hide output");'>Show output</a>

<a href="#Output-1459016715" onClick="toggleAllBoxes();">Show all outputs</a>
<div class='log' id="Output-1459016715">
Username entered.<br/>
Step 1: Password entered.<br/>
Select worklist from the drop down.<br/>
Selected worklist and patient status<br/>
Click on show more filters.<br/>
Select Search text box<br/>
click on patient name<br/>
Click on chart<br/>
</div>
</td>
<td><div><pre>org.openqa.selenium.NoSuchElementException: no such element: Unable to locate element: {&quot;method&quot;:&quot;xpath&quot;,&quot;selector&quot;:&quot;//*[@class=&apos;fa fa-flag enabled&apos;]&quot;}
  (Session info: chrome=77.0.3865.90)
  (Driver info: chromedriver=2.40.565498 (ea082db3280dd6843ebfb08a625e3eb905c4f5ab),platform=Windows NT 10.0.16299 x86_64) (WARNING: The server did not provide any stacktrace information)
Command duration or timeout: 0 milliseconds
For documentation on this error, please visit: http://seleniumhq.org/exceptions/no_such_element.html
Build info: version: &apos;3.7.1&apos;, revision: &apos;8a0099a&apos;, time: &apos;2017-11-06T21:01:39.354Z&apos;
System info: host: &apos;SILICUS330&apos;, ip: &apos;172.20.2.32&apos;, os.name: &apos;Windows 10&apos;, os.arch: &apos;amd64&apos;, os.version: &apos;10.0&apos;, java.version: &apos;1.8.0_144&apos;
Driver info: org.openqa.selenium.chrome.ChromeDriver
Capabilities {acceptInsecureCerts: false, acceptSslCerts: false, applicationCacheEnabled: false, browserConnectionEnabled: false, browserName: chrome, chrome: {chromedriverVersion: 2.40.565498 (ea082db3280dd6..., userDataDir: C:\Users\SWAWAR~1\AppData\L...}, cssSelectorsEnabled: true, databaseEnabled: false, handlesAlerts: true, hasTouchScreen: false, javascriptEnabled: true, locationContextEnabled: true, mobileEmulationEnabled: false, nativeEvents: true, networkConnectionEnabled: false, pageLoadStrategy: normal, platform: XP, platformName: XP, rotatable: false, setWindowRect: true, takesHeapSnapshot: true, takesScreenshot: true, unexpectedAlertBehaviour: , unhandledPromptBehavior: , version: 77.0.3865.90, webStorageEnabled: true}
Session ID: 69174ed1d409276996c4c2e6a2177287
*** Element info: {Using=xpath, value=//*[@class=&apos;fa fa-flag enabled&apos;]}
	at sun.reflect.NativeConstructorAccessorImpl.newInstance0(Native Method)
	at sun.reflect.NativeConstructorAccessorImpl.newInstance(NativeConstructorAccessorImpl.java:62)
	at sun.reflect.DelegatingConstructorAccessorImpl.newInstance(DelegatingConstructorAccessorImpl.java:45)
	at java.lang.reflect.Constructor.newInstance(Constructor.java:423)
	at org.openqa.selenium.remote.ErrorHandler.createThrowable(ErrorHandler.java:214)
	at org.openqa.selenium.remote.ErrorHandler.throwIfResponseFailed(ErrorHandler.java:166)
	at org.openqa.selenium.remote.http.JsonHttpResponseCodec.reconstructValue(JsonHttpResponseCodec.java:40)
	at org.openqa.selenium.remote.http.AbstractHttpResponseCodec.decode(AbstractHttpResponseCodec.java:80)
	at org.openqa.selenium.remote.http.AbstractHttpResponseCodec.decode(AbstractHttpResponseCodec.java:44)
	at org.openqa.selenium.remote.HttpCommandExecutor.execute(HttpCommandExecutor.java:164)
	at org.openqa.selenium.remote.service.DriverCommandExecutor.execute(DriverCommandExecutor.java:83)
	at org.openqa.selenium.remote.RemoteWebDriver.execute(RemoteWebDriver.java:600)
	at org.openqa.selenium.remote.RemoteWebDriver.findElement(RemoteWebDriver.java:370)
	at org.openqa.selenium.remote.RemoteWebDriver.findElementByXPath(RemoteWebDriver.java:472)
	at org.openqa.selenium.By$ByXPath.findElement(By.java:361)
	at org.openqa.selenium.remote.RemoteWebDriver.findElement(RemoteWebDriver.java:362)
	at sun.reflect.GeneratedMethodAccessor4.invoke(Unknown Source)
	at sun.reflect.DelegatingMethodAccessorImpl.invoke(DelegatingMethodAccessorImpl.java:43)
	at java.lang.reflect.Method.invoke(Method.java:498)
	at org.openqa.selenium.support.events.EventFiringWebDriver$2.invoke(EventFiringWebDriver.java:109)
	at com.sun.proxy.$Proxy10.findElement(Unknown Source)
	at org.openqa.selenium.support.events.EventFiringWebDriver.findElement(EventFiringWebDriver.java:193)
	at org.openqa.selenium.support.pagefactory.DefaultElementLocator.findElement(DefaultElementLocator.java:69)
	at org.openqa.selenium.support.pagefactory.internal.LocatingElementHandler.invoke(LocatingElementHandler.java:38)
	at com.sun.proxy.$Proxy14.click(Unknown Source)
	at automation.pages.PdpChartsPage.verifyReviewFlagColor(PdpChartsPage.java:420)
	at automation.tests.PdpChartsPageTest.verifyReviewFlagColor(PdpChartsPageTest.java:65)
	at sun.reflect.NativeMethodAccessorImpl.invoke0(Native Method)
	at sun.reflect.NativeMethodAccessorImpl.invoke(NativeMethodAccessorImpl.java:62)
	at sun.reflect.DelegatingMethodAccessorImpl.invoke(DelegatingMethodAccessorImpl.java:43)
	at java.lang.reflect.Method.invoke(Method.java:498)
	at org.testng.internal.MethodInvocationHelper.invokeMethod(MethodInvocationHelper.java:108)
	at org.testng.internal.Invoker.invokeMethod(Invoker.java:661)
	at org.testng.internal.Invoker.invokeTestMethod(Invoker.java:869)
	at org.testng.internal.Invoker.invokeTestMethods(Invoker.java:1193)
	at org.testng.internal.TestMethodWorker.invokeTestMethods(TestMethodWorker.java:126)
	at org.testng.internal.TestMethodWorker.run(TestMethodWorker.java:109)
	at org.testng.TestRunner.privateRun(TestRunner.java:744)
	at org.testng.TestRunner.run(TestRunner.java:602)
	at org.testng.SuiteRunner.runTest(SuiteRunner.java:380)
	at org.testng.SuiteRunner.runSequentially(SuiteRunner.java:375)
	at org.testng.SuiteRunner.privateRun(SuiteRunner.java:340)
	at org.testng.SuiteRunner.run(SuiteRunner.java:289)
	at org.testng.SuiteRunnerWorker.runSuite(SuiteRunnerWorker.java:52)
	at org.testng.SuiteRunnerWorker.run(SuiteRunnerWorker.java:86)
	at org.testng.TestNG.runSuitesSequentially(TestNG.java:1301)
	at org.testng.TestNG.runSuitesLocally(TestNG.java:1226)
	at org.testng.TestNG.runSuites(TestNG.java:1144)
	at org.testng.TestNG.run(TestNG.java:1115)
	at org.testng.remote.AbstractRemoteTestNG.run(AbstractRemoteTestNG.java:115)
	at org.testng.remote.RemoteTestNG.initAndRun(RemoteTestNG.java:251)
	at org.testng.remote.RemoteTestNG.main(RemoteTestNG.java:77)
</pre></div><a href='#' onClick='toggleBox("stack-trace1459016715", this, "Click to show all stack frames", "Click to hide stack frames")'>Click to show all stack frames</a>
<div class='stack-trace' id='stack-trace1459016715'><pre>org.openqa.selenium.NoSuchElementException: no such element: Unable to locate element: {&quot;method&quot;:&quot;xpath&quot;,&quot;selector&quot;:&quot;//*[@class=&apos;fa fa-flag enabled&apos;]&quot;}
  (Session info: chrome=77.0.3865.90)
  (Driver info: chromedriver=2.40.565498 (ea082db3280dd6843ebfb08a625e3eb905c4f5ab),platform=Windows NT 10.0.16299 x86_64) (WARNING: The server did not provide any stacktrace information)
Command duration or timeout: 0 milliseconds
For documentation on this error, please visit: http://seleniumhq.org/exceptions/no_such_element.html
Build info: version: &apos;3.7.1&apos;, revision: &apos;8a0099a&apos;, time: &apos;2017-11-06T21:01:39.354Z&apos;
System info: host: &apos;SILICUS330&apos;, ip: &apos;172.20.2.32&apos;, os.name: &apos;Windows 10&apos;, os.arch: &apos;amd64&apos;, os.version: &apos;10.0&apos;, java.version: &apos;1.8.0_144&apos;
Driver info: org.openqa.selenium.chrome.ChromeDriver
Capabilities {acceptInsecureCerts: false, acceptSslCerts: false, applicationCacheEnabled: false, browserConnectionEnabled: false, browserName: chrome, chrome: {chromedriverVersion: 2.40.565498 (ea082db3280dd6..., userDataDir: C:\Users\SWAWAR~1\AppData\L...}, cssSelectorsEnabled: true, databaseEnabled: false, handlesAlerts: true, hasTouchScreen: false, javascriptEnabled: true, locationContextEnabled: true, mobileEmulationEnabled: false, nativeEvents: true, networkConnectionEnabled: false, pageLoadStrategy: normal, platform: XP, platformName: XP, rotatable: false, setWindowRect: true, takesHeapSnapshot: true, takesScreenshot: true, unexpectedAlertBehaviour: , unhandledPromptBehavior: , version: 77.0.3865.90, webStorageEnabled: true}
Session ID: 69174ed1d409276996c4c2e6a2177287
*** Element info: {Using=xpath, value=//*[@class=&apos;fa fa-flag enabled&apos;]}
	at sun.reflect.NativeConstructorAccessorImpl.newInstance0(Native Method)
	at sun.reflect.NativeConstructorAccessorImpl.newInstance(NativeConstructorAccessorImpl.java:62)
	at sun.reflect.DelegatingConstructorAccessorImpl.newInstance(DelegatingConstructorAccessorImpl.java:45)
	at java.lang.reflect.Constructor.newInstance(Constructor.java:423)
	at org.openqa.selenium.remote.ErrorHandler.createThrowable(ErrorHandler.java:214)
	at org.openqa.selenium.remote.ErrorHandler.throwIfResponseFailed(ErrorHandler.java:166)
	at org.openqa.selenium.remote.http.JsonHttpResponseCodec.reconstructValue(JsonHttpResponseCodec.java:40)
	at org.openqa.selenium.remote.http.AbstractHttpResponseCodec.decode(AbstractHttpResponseCodec.java:80)
	at org.openqa.selenium.remote.http.AbstractHttpResponseCodec.decode(AbstractHttpResponseCodec.java:44)
	at org.openqa.selenium.remote.HttpCommandExecutor.execute(HttpCommandExecutor.java:164)
	at org.openqa.selenium.remote.service.DriverCommandExecutor.execute(DriverCommandExecutor.java:83)
	at org.openqa.selenium.remote.RemoteWebDriver.execute(RemoteWebDriver.java:600)
	at org.openqa.selenium.remote.RemoteWebDriver.findElement(RemoteWebDriver.java:370)
	at org.openqa.selenium.remote.RemoteWebDriver.findElementByXPath(RemoteWebDriver.java:472)
	at org.openqa.selenium.By$ByXPath.findElement(By.java:361)
	at org.openqa.selenium.remote.RemoteWebDriver.findElement(RemoteWebDriver.java:362)
	at sun.reflect.GeneratedMethodAccessor4.invoke(Unknown Source)
	at sun.reflect.DelegatingMethodAccessorImpl.invoke(DelegatingMethodAccessorImpl.java:43)
	at java.lang.reflect.Method.invoke(Method.java:498)
	at org.openqa.selenium.support.events.EventFiringWebDriver$2.invoke(EventFiringWebDriver.java:109)
	at com.sun.proxy.$Proxy10.findElement(Unknown Source)
	at org.openqa.selenium.support.events.EventFiringWebDriver.findElement(EventFiringWebDriver.java:193)
	at org.openqa.selenium.support.pagefactory.DefaultElementLocator.findElement(DefaultElementLocator.java:69)
	at org.openqa.selenium.support.pagefactory.internal.LocatingElementHandler.invoke(LocatingElementHandler.java:38)
	at com.sun.proxy.$Proxy14.click(Unknown Source)
	at automation.pages.PdpChartsPage.verifyReviewFlagColor(PdpChartsPage.java:420)
	at automation.tests.PdpChartsPageTest.verifyReviewFlagColor(PdpChartsPageTest.java:65)
	at sun.reflect.NativeMethodAccessorImpl.invoke0(Native Method)
	at sun.reflect.NativeMethodAccessorImpl.invoke(NativeMethodAccessorImpl.java:62)
	at sun.reflect.DelegatingMethodAccessorImpl.invoke(DelegatingMethodAccessorImpl.java:43)
	at java.lang.reflect.Method.invoke(Method.java:498)
	at org.testng.internal.MethodInvocationHelper.invokeMethod(MethodInvocationHelper.java:108)
	at org.testng.internal.Invoker.invokeMethod(Invoker.java:661)
	at org.testng.internal.Invoker.invokeTestMethod(Invoker.java:869)
	at org.testng.internal.Invoker.invokeTestMethods(Invoker.java:1193)
	at org.testng.internal.TestMethodWorker.invokeTestMethods(TestMethodWorker.java:126)
	at org.testng.internal.TestMethodWorker.run(TestMethodWorker.java:109)
	at org.testng.TestRunner.privateRun(TestRunner.java:744)
	at org.testng.TestRunner.run(TestRunner.java:602)
	at org.testng.SuiteRunner.runTest(SuiteRunner.java:380)
	at org.testng.SuiteRunner.runSequentially(SuiteRunner.java:375)
	at org.testng.SuiteRunner.privateRun(SuiteRunner.java:340)
	at org.testng.SuiteRunner.run(SuiteRunner.java:289)
	at org.testng.SuiteRunnerWorker.runSuite(SuiteRunnerWorker.java:52)
	at org.testng.SuiteRunnerWorker.run(SuiteRunnerWorker.java:86)
	at org.testng.TestNG.runSuitesSequentially(TestNG.java:1301)
	at org.testng.TestNG.runSuitesLocally(TestNG.java:1226)
	at org.testng.TestNG.runSuites(TestNG.java:1144)
	at org.testng.TestNG.run(TestNG.java:1115)
	at org.testng.remote.AbstractRemoteTestNG.run(AbstractRemoteTestNG.java:115)
	at org.testng.remote.RemoteTestNG.initAndRun(RemoteTestNG.java:251)
	at org.testng.remote.RemoteTestNG.main(RemoteTestNG.java:77)
</pre></div></td>
<td>33</td>
<td>automation.tests.PdpChartsPageTest@185d8b6</td></tr>
</table><p>
<table width='100%' border='1' class='invocation-passed'>
<tr><td colspan='4' align='center'><b>PASSED TESTS</b></td></tr>
<tr><td><b>Test method</b></td>
<td width="30%"><b>Exception</b></td>
<td width="10%"><b>Time (seconds)</b></td>
<td><b>Instance</b></td>
</tr>
<tr>
<td title='automation.tests.ChartCodeCompletePageTest.QA_Coding_Complete_Validation_Test()'><b>QA_Coding_Complete_Validation_Test</b><br>Test class: automation.tests.ChartCodeCompletePageTest<br/>
<a href="#Output-501608687" onClick='toggleBox("Output-501608687", this, "Show output", "Hide output");'>Show output</a>

<a href="#Output-501608687" onClick="toggleAllBoxes();">Show all outputs</a>
<div class='log' id="Output-501608687">
Username entered.<br/>
Step 1: Password entered.<br/>
Selected worklist: 1220 and patient status: Show All Patients<br/>
Search for patient: Adam<br/>
Selected patient: Adam<br/>
Selected tab chart<br/>
Coding Complete button is enabled.<br/>
QA Assurance and QA Notes are present.<br/>
QA Assurance options are matched.<br/>
Selection text: added found in the QA Assurance drop down.<br/>
Selection text: added value matched with grid cell value.<br/>
Selection text:  found in the QA Assurance drop down.<br/>
Selection text:  value matched with grid cell value.<br/>
There are 3 opportunites which need to fulfill.<br/>
Selecting second option from QA Assurance drop down i.e. Correct.<br/>
Selecting second option from QA Assurance drop down i.e. Correct.<br/>
Selecting second option from QA Assurance drop down i.e. Correct.<br/>
Selecting second option from QA Assurance drop down i.e. Correct.<br/>
QA Complete button is enabled.<br/>
Code complete button has green background color.<br/>
Reset patient record<br/>
Clicked on Charts<br/>
</div>
</td>
<td></td>
<td>113</td>
<td>automation.tests.ChartCodeCompletePageTest@335eadca</td></tr>
<tr>
<td title='automation.tests.PdpEncountersPageTest.QA_PDPEncounter_Test()'><b>QA_PDPEncounter_Test</b><br>Test class: automation.tests.PdpEncountersPageTest<br/>
<a href="#Output-1979080261" onClick='toggleBox("Output-1979080261", this, "Show output", "Hide output");'>Show output</a>

<a href="#Output-1979080261" onClick="toggleAllBoxes();">Show all outputs</a>
<div class='log' id="Output-1979080261">
Username entered.<br/>
Step 1: Password entered.<br/>
Selected worklist: 1269 and patient status: Show All Patients<br/>
Search for patient: Robin<br/>
Selected patient: Robin<br/>
There are total 1 opportunities.<br/>
Coding Complete check box is enabled and selected(checked).<br/>
Code complete button has green background color.<br/>
QA Assurance Row is visible.<br/>
QA Assurance drop down is visible.<br/>
QA Assurance Row is visible.<br/>
QA Assurance drop down is visible.<br/>
</div>
</td>
<td></td>
<td>32</td>
<td>automation.tests.PdpEncountersPageTest@6f1fba17</td></tr>
<tr>
<td title='automation.tests.PdpEncountersPageTest.Verify_Encounter_Add_comment()'><b>Verify_Encounter_Add_comment</b><br>Test class: automation.tests.PdpEncountersPageTest<br/>
<a href="#Output-533415944" onClick='toggleBox("Output-533415944", this, "Show output", "Hide output");'>Show output</a>

<a href="#Output-533415944" onClick="toggleAllBoxes();">Show all outputs</a>
<div class='log' id="Output-533415944">
Username entered.<br/>
Step 1: Password entered.<br/>
Select worklist from the drop down.<br/>
Selected worklist and patient status<br/>
Select Select_show_filters<br/>
Select Search text box<br/>
click on patient name<br/>
click on Encounter<br/>
Click on the Review Flag dropdown.<br/>
Add a comment and press Enter<br/>
click on the  sign <br/>
click on Grey flag<br/>
Verify Review flag color<br/>
</div>
</td>
<td></td>
<td>39</td>
<td>automation.tests.PdpEncountersPageTest@6f1fba17</td></tr>
<tr>
<td title='automation.tests.ChartCodeCompletePageTest.Verify_code_complete()'><b>Verify_code_complete</b><br>Test class: automation.tests.ChartCodeCompletePageTest<br/>
<a href="#Output-2117642238" onClick='toggleBox("Output-2117642238", this, "Show output", "Hide output");'>Show output</a>

<a href="#Output-2117642238" onClick="toggleAllBoxes();">Show all outputs</a>
<div class='log' id="Output-2117642238">
Username entered.<br/>
Step 1: Password entered.<br/>
Select worklist.<br/>
Select patient status.<br/>
Click on show filter button.<br/>
Select patient.<br/>
Click on charts tab.<br/>
Select MRM value.<br/>
Act on all the tentative opportunities.<br/>
Verify Code Complete button changes from Grey color to Green.<br/>
</div>
</td>
<td></td>
<td>58</td>
<td>automation.tests.ChartCodeCompletePageTest@335eadca</td></tr>
<tr>
<td title='automation.tests.ActivityLogPageTest.verifyActivitiesInActivityLog()'><b>verifyActivitiesInActivityLog</b><br>Test class: automation.tests.ActivityLogPageTest<br/>
<a href="#Output-1099552523" onClick='toggleBox("Output-1099552523", this, "Show output", "Hide output");'>Show output</a>

<a href="#Output-1099552523" onClick="toggleAllBoxes();">Show all outputs</a>
<div class='log' id="Output-1099552523">
Username entered.<br/>
Step 1: Password entered.<br/>
Worklist selected from drop down.<br/>
Click on patient.<br/>
Clicked on activity log tab.<br/>
Check all actions logged in activities tab.<br/>
</div>
</td>
<td></td>
<td>16</td>
<td>automation.tests.ActivityLogPageTest@6c3708b3</td></tr>
<tr>
<td title='automation.tests.PdpChartsPageTest.verifyAddComment()'><b>verifyAddComment</b><br>Test class: automation.tests.PdpChartsPageTest<br/>
<a href="#Output-1659309731" onClick='toggleBox("Output-1659309731", this, "Show output", "Hide output");'>Show output</a>

<a href="#Output-1659309731" onClick="toggleAllBoxes();">Show all outputs</a>
<div class='log' id="Output-1659309731">
Username entered.<br/>
Step 1: Password entered.<br/>
Selected worklist and patient status<br/>
Click on show more filters.<br/>
Select Search text box<br/>
click on patient name<br/>
Click on chart<br/>
Click on the Review Flag dropdown.<br/>
Add a comment and press Enter<br/>
Click on the ' + ' sign.<br/>
</div>
</td>
<td></td>
<td>20</td>
<td>automation.tests.PdpChartsPageTest@185d8b6</td></tr>
<tr>
<td title='automation.tests.SummaryPageTest.verifyDeletedRecordsInSummaryTab()'><b>verifyDeletedRecordsInSummaryTab</b><br>Test class: automation.tests.SummaryPageTest<br/>
<a href="#Output-1256405521" onClick='toggleBox("Output-1256405521", this, "Show output", "Hide output");'>Show output</a>

<a href="#Output-1256405521" onClick="toggleAllBoxes();">Show all outputs</a>
<div class='log' id="Output-1256405521">
Username entered.<br/>
Step 1: Password entered.<br/>
Worklist selected from drop down.<br/>
Click on patient.<br/>
Click on the Expand button<br/>
Select Delete checkbox Record under opportunities Tab.<br/>
Select Delete checkbox Record under opportunities Tab.<br/>
Select Delete checkbox Record under opportunities Tab.<br/>
Select Delete checkbox Record under opportunities Tab.<br/>
Select Delete checkbox Record under opportunities Tab.<br/>
Select Delete checkbox Record under opportunities Tab.<br/>
Select Delete checkbox Record under opportunities Tab.<br/>
Click On Collapse Button.<br/>
Click on summary tab.<br/>
Check deleted records are seen as a strike through.<br/>
Click on the Coding tab.<br/>
Click on the Expand button<br/>
Click on the Expand button<br/>
Select Delete checkbox Record under opportunities Tab.<br/>
Select Delete checkbox Record under opportunities Tab.<br/>
Select Delete checkbox Record under opportunities Tab.<br/>
Select Delete checkbox Record under opportunities Tab.<br/>
Select Delete checkbox Record under opportunities Tab.<br/>
Select Delete checkbox Record under opportunities Tab.<br/>
Select Delete checkbox Record under opportunities Tab.<br/>
Deselect Delete checkbox Record under opportunities Tab.<br/>
</div>
</td>
<td></td>
<td>99</td>
<td>automation.tests.SummaryPageTest@3e9b1010</td></tr>
<tr>
<td title='automation.tests.PdpChartsPageTest.verifyDifferentActionsOnTentativeOpportunity()'><b>verifyDifferentActionsOnTentativeOpportunity</b><br>Test class: automation.tests.PdpChartsPageTest<br/>
<a href="#Output-917568725" onClick='toggleBox("Output-917568725", this, "Show output", "Hide output");'>Show output</a>

<a href="#Output-917568725" onClick="toggleAllBoxes();">Show all outputs</a>
<div class='log' id="Output-917568725">
Username entered.<br/>
Step 1: Password entered.<br/>
Worklist selected.<br/>
Patient status selected.<br/>
Click on show more filter button.<br/>
Click on the select search textbox.<br/>
Enter patient name.<br/>
Click on first patient record.<br/>
Click on charts tab.<br/>
Select MRM value.<br/>
Clicked on Opportunity status<br/>
Verify if following action radio buttons: 1) Accept 2) Reject 3) Review displayed or not.<br/>
Verify the initial color of the Oppotunity row.<br/>
Act on the tentative opportunities <br/>
Verify that the Oppotunity row changes from pink to green color after all required fileds are filled successfully<br/>
</div>
</td>
<td></td>
<td>48</td>
<td>automation.tests.PdpChartsPageTest@185d8b6</td></tr>
<tr>
<td title='automation.tests.HomePageTest.verifyFiltersOnWorkList()'><b>verifyFiltersOnWorkList</b><br>Test class: automation.tests.HomePageTest<br/>
<a href="#Output-1863953433" onClick='toggleBox("Output-1863953433", this, "Show output", "Hide output");'>Show output</a>

<a href="#Output-1863953433" onClick="toggleAllBoxes();">Show all outputs</a>
<div class='log' id="Output-1863953433">
Username entered.<br/>
Step 1: Password entered.<br/>
Select worklist from the drop down.<br/>
Click on the Show MoreFilter Tab.<br/>
Verify if Select Filters section is displayed.<br/>
Click On PatientName In SelectFilters section.<br/>
Send 3 characters in Patient Name field:<br/>
Select Patient Name from options.<br/>
Close the First Applied Filter.<br/>
Click on the AgeFromField.<br/>
Enter the age in AgeFromField.<br/>
Enter the age in AgeToField.<br/>
Click on the Age Field Column header in filters section.<br/>
Click on the Age Field Column header in filters section.<br/>
</div>
</td>
<td></td>
<td>24</td>
<td>automation.tests.HomePageTest@18eed359</td></tr>
<tr>
<td title='automation.tests.PdpChartsPageTest.verifyNSFDropDown()'><b>verifyNSFDropDown</b><br>Test class: automation.tests.PdpChartsPageTest<br/>
<a href="#Output-2052223881" onClick='toggleBox("Output-2052223881", this, "Show output", "Hide output");'>Show output</a>

<a href="#Output-2052223881" onClick="toggleAllBoxes();">Show all outputs</a>
<div class='log' id="Output-2052223881">
Username entered.<br/>
Step 1: Password entered.<br/>
Select worklist from the drop down.<br/>
Click on the First Patient from list.<br/>
Click on the Chart tab.<br/>
Verify NFS drop-down displayed or not.<br/>
Click on the NsfDrop-Down.<br/>
</div>
</td>
<td></td>
<td>35</td>
<td>automation.tests.PdpChartsPageTest@185d8b6</td></tr>
<tr>
<td title='automation.tests.SummaryPageTest.verifyNegativeScorestInSummaryTab()'><b>verifyNegativeScorestInSummaryTab</b><br>Test class: automation.tests.SummaryPageTest<br/>
<a href="#Output-105966264" onClick='toggleBox("Output-105966264", this, "Show output", "Hide output");'>Show output</a>

<a href="#Output-105966264" onClick="toggleAllBoxes();">Show all outputs</a>
<div class='log' id="Output-105966264">
Username entered.<br/>
Step 1: Password entered.<br/>
Worklist selected from drop down.<br/>
Click on patient.<br/>
Click on summary tab.<br/>
Check negative scores exists in Hcc Summary scorecard table.<br/>
Check negative scores exists in RxHcc Summary scorecard table.<br/>
</div>
</td>
<td></td>
<td>17</td>
<td>automation.tests.SummaryPageTest@3e9b1010</td></tr>
<tr>
<td title='automation.tests.PdpChartsPageTest.verifyOpportunityFiltersWorkingCorrectly()'><b>verifyOpportunityFiltersWorkingCorrectly</b><br>Test class: automation.tests.PdpChartsPageTest<br/>
<a href="#Output-1340644388" onClick='toggleBox("Output-1340644388", this, "Show output", "Hide output");'>Show output</a>

<a href="#Output-1340644388" onClick="toggleAllBoxes();">Show all outputs</a>
<div class='log' id="Output-1340644388">
Username entered.<br/>
Step 1: Password entered.<br/>
Worklist selected.<br/>
Patient status selected.<br/>
Click on show more filter button.<br/>
Click on the select search textbox.<br/>
Enter patient name.<br/>
Click on first patient record.<br/>
Click on charts tab.<br/>
Select MRM value.<br/>
Click on Filter icon<br/>
Clicked on Charts<br/>
</div>
</td>
<td></td>
<td>62</td>
<td>automation.tests.PdpChartsPageTest@185d8b6</td></tr>
<tr>
<td title='automation.tests.PdpChartsPageTest.verifySearchAndUndockedFunctions()'><b>verifySearchAndUndockedFunctions</b><br>Test class: automation.tests.PdpChartsPageTest<br/>
<a href="#Output-1846982837" onClick='toggleBox("Output-1846982837", this, "Show output", "Hide output");'>Show output</a>

<a href="#Output-1846982837" onClick="toggleAllBoxes();">Show all outputs</a>
<div class='log' id="Output-1846982837">
Username entered.<br/>
Step 1: Password entered.<br/>
Select worklist from the drop down.<br/>
Selected worklist and patient status<br/>
Click on show more filters.<br/>
Select Search text box<br/>
click on patient name<br/>
Click on chart<br/>
Verify load time of EZchart page<br/>
Click on page_number_indicator <br/>
Enter Page no 4<br/>
Press Enter key<br/>
Click on chart search box<br/>
Click on next button<br/>
Check that search terms should not cancels when user click on next evidence button<br/>
Search with con word<br/>
Click on search<br/>
Verify searched field is highlighted<br/>
Verify Project name found on EZchart page<br/>
Verfiy the Search text box is accepting letters, numbers and Special characters.<br/>
Check when evidence is undocked mode, Chart should load from page 1 when user switches between charts.<br/>
Verify Chart is blank or not<br/>
</div>
</td>
<td></td>
<td>91</td>
<td>automation.tests.PdpChartsPageTest@185d8b6</td></tr>
<tr>
<td title='automation.tests.StandardReportPageTest.verifyStandardReport()'><b>verifyStandardReport</b><br>Test class: automation.tests.StandardReportPageTest<br/>
<a href="#Output-694069884" onClick='toggleBox("Output-694069884", this, "Show output", "Hide output");'>Show output</a>

<a href="#Output-694069884" onClick="toggleAllBoxes();">Show all outputs</a>
<div class='log' id="Output-694069884">
Username entered.<br/>
Step 1: Password entered.<br/>
</div>
</td>
<td></td>
<td>88</td>
<td>automation.tests.StandardReportPageTest@210366b4</td></tr>
<tr>
<td title='automation.tests.SummaryPageTest.verifyStrikeDisplayedForDeletedRecordOnPdpAndSummaryTab()'><b>verifyStrikeDisplayedForDeletedRecordOnPdpAndSummaryTab</b><br>Test class: automation.tests.SummaryPageTest<br/>
<a href="#Output-1061448687" onClick='toggleBox("Output-1061448687", this, "Show output", "Hide output");'>Show output</a>

<a href="#Output-1061448687" onClick="toggleAllBoxes();">Show all outputs</a>
<div class='log' id="Output-1061448687">
Username entered.<br/>
Step 1: Password entered.<br/>
Select worklist from the drop down.<br/>
Click on the First Patient from list.<br/>
Click on the Expand button<br/>
Select Delete checkbox Record under opportunities Tab.<br/>
Select Delete checkbox Record under opportunities Tab.<br/>
Select Delete checkbox Record under opportunities Tab.<br/>
Select Delete checkbox Record under opportunities Tab.<br/>
Select Delete checkbox Record under opportunities Tab.<br/>
Select Delete checkbox Record under opportunities Tab.<br/>
Select Delete checkbox Record under opportunities Tab.<br/>
Click On Collapse Button.<br/>
Deleted claimed record displayed as strike through on Pdp.<br/>
Click on summary tab.<br/>
Check deleted records are seen as a strike through.<br/>
Click on the Coding tab.<br/>
Click on the Expand button<br/>
Click on the Expand button<br/>
Select Delete checkbox Record under opportunities Tab.<br/>
Select Delete checkbox Record under opportunities Tab.<br/>
Select Delete checkbox Record under opportunities Tab.<br/>
Select Delete checkbox Record under opportunities Tab.<br/>
Select Delete checkbox Record under opportunities Tab.<br/>
Select Delete checkbox Record under opportunities Tab.<br/>
Select Delete checkbox Record under opportunities Tab.<br/>
Deselect Delete checkbox Record under opportunities Tab.<br/>
</div>
</td>
<td></td>
<td>99</td>
<td>automation.tests.SummaryPageTest@3e9b1010</td></tr>
<tr>
<td title='automation.tests.PdpEncountersPageTest.verifyUserCanAddNewEncounter()'><b>verifyUserCanAddNewEncounter</b><br>Test class: automation.tests.PdpEncountersPageTest<br/>
<a href="#Output-1620459733" onClick='toggleBox("Output-1620459733", this, "Show output", "Hide output");'>Show output</a>

<a href="#Output-1620459733" onClick="toggleAllBoxes();">Show all outputs</a>
<div class='log' id="Output-1620459733">
Username entered.<br/>
Step 1: Password entered.<br/>
Select worklist from the drop down.<br/>
Click on the First Patient from list.<br/>
Click on the Encounter tab.<br/>
Click on the down expand button.<br/>
Click on the Add SuspectedCondition Button.<br/>
Click on the Right Expand Button.<br/>
Click on the New Code Field.<br/>
Click on the New Code Field.<br/>
Click on the F codes option field.<br/>
Click on the Fcode option.<br/>
Close the FCodeClose button.<br/>
Click on the Save suspect button.<br/>
Suspected record already exist.<br/>
</div>
</td>
<td></td>
<td>49</td>
<td>automation.tests.PdpEncountersPageTest@6f1fba17</td></tr>
<tr>
<td title='automation.tests.PdpChartsPageTest.verifyWidgetsActions()'><b>verifyWidgetsActions</b><br>Test class: automation.tests.PdpChartsPageTest<br/>
<a href="#Output-246826139" onClick='toggleBox("Output-246826139", this, "Show output", "Hide output");'>Show output</a>

<a href="#Output-246826139" onClick="toggleAllBoxes();">Show all outputs</a>
<div class='log' id="Output-246826139">
Username entered.<br/>
Step 1: Password entered.<br/>
Select worklist from the drop down.<br/>
Selected worklist and patient status<br/>
Click on show more filters.<br/>
Select Search text box<br/>
click on patient name<br/>
Click on chart<br/>
Verify chart type radio buttons.<br/>
Verify chart type radio buttons.<br/>
Verify date range of chart.<br/>
Verify page_number_indicator properly<br/>
Click on page indicator<br/>
Verify page search box showing properly<br/>
Verify chart type showing properly<br/>
Click on HCC option<br/>
Verify HCCwidget_working_properly <br/>
Click on RXHCC option<br/>
Verify Rxhccwidget_working_properly <br/>
Click on HCCRXHCC option<br/>
Verify HccplusRxhcc_widget_working_properly <br/>
Click on HCC option<br/>
Click on highlighted word<br/>
</div>
</td>
<td></td>
<td>72</td>
<td>automation.tests.PdpChartsPageTest@185d8b6</td></tr>
<tr>
<td title='automation.tests.PdpChartsPageTest.verifyWidgetsOnChart()'><b>verifyWidgetsOnChart</b><br>Test class: automation.tests.PdpChartsPageTest<br/>
<a href="#Output-2014563089" onClick='toggleBox("Output-2014563089", this, "Show output", "Hide output");'>Show output</a>

<a href="#Output-2014563089" onClick="toggleAllBoxes();">Show all outputs</a>
<div class='log' id="Output-2014563089">
Username entered.<br/>
Step 1: Password entered.<br/>
Select worklist from the drop down.<br/>
Selected worklist and patient status<br/>
Click on show more filters.<br/>
Select Search text box<br/>
click on patient name<br/>
Click on chart<br/>
Verify pop_out<br/>
Verify chart searchbox<br/>
Verify zoom in button.<br/>
Verify zoom out button<br/>
Verify Clockwise_Rotate_button<br/>
Verify fit in window.<br/>
</div>
</td>
<td></td>
<td>34</td>
<td>automation.tests.PdpChartsPageTest@185d8b6</td></tr>
<tr>
<td title='automation.tests.WorklistCreatorPageTest.verify_steps_inwizard()'><b>verify_steps_inwizard</b><br>Test class: automation.tests.WorklistCreatorPageTest<br/>
<a href="#Output-80026551" onClick='toggleBox("Output-80026551", this, "Show output", "Hide output");'>Show output</a>

<a href="#Output-80026551" onClick="toggleAllBoxes();">Show all outputs</a>
<div class='log' id="Output-80026551">
Username entered.<br/>
Step 1: Password entered.<br/>
Click on worklist creator link.<br/>
Click on add a New worklist link.<br/>
Enter worklist name.<br/>
Enter worklist description.<br/>
Select Worklist criteria.<br/>
Select columns to set the column order preference for the worklist.<br/>
Select other users to attach to this worklist.<br/>
Click on Save button.<br/>
</div>
</td>
<td></td>
<td>28</td>
<td>automation.tests.WorklistCreatorPageTest@67784306</td></tr>
<tr>
<td title='automation.tests.WorklistCreatorPageTest.verify_worklistcreaotrtest()'><b>verify_worklistcreaotrtest</b><br>Test class: automation.tests.WorklistCreatorPageTest<br/>
<a href="#Output-1325866488" onClick='toggleBox("Output-1325866488", this, "Show output", "Hide output");'>Show output</a>

<a href="#Output-1325866488" onClick="toggleAllBoxes();">Show all outputs</a>
<div class='log' id="Output-1325866488">
Username entered.<br/>
Step 1: Password entered.<br/>
Click on worklist creator link.<br/>
Click on add a New worklist link.<br/>
Enter worklist name.<br/>
Enter worklist description.<br/>
Select Worklist criteria.<br/>
Select columns to set the column order preference for the worklist.<br/>
Select other users to attach to this worklist.<br/>
Click on Save button.<br/>
</div>
</td>
<td></td>
<td>30</td>
<td>automation.tests.WorklistCreatorPageTest@67784306</td></tr>
</table><p>
</body>
</html>